[2024-09-29 14:28:58] Codice utente inserito: 005
[2024-09-29 14:28:58] Utente presente nel database
[2024-09-29 14:28:58] Riga trovata nell'array: 29-09-24,,,,13.07,14.28,,,

[2024-09-29 14:28:58] Riga con data odierna trovata: 29-09-24,,,,13.07,14.28,,,

[2024-09-29 14:28:58] Prima colonna occupata, inserimento orario nella seconda colonna: 14.28
[2024-09-29 14:28:58] Riga del file riscritta: 29-09-24,,,,13.07,14.28,,,

[2024-10-10 19:01:02] Codice utente inserito: 001
[2024-10-10 19:01:44] Codice utente inserito: 005
[2024-10-10 19:01:44] Utente presente nel database
[2024-10-10 19:01:44] Riga trovata nell'array: 10-10-24,,,,,,,,

[2024-10-10 19:01:44] Riga con data odierna trovata: 10-10-24,,,,,,,,

[2024-10-10 19:01:44] Primo colonna libera, inserimento orario: 19.01
[2024-10-10 19:01:44] Riga del file riscritta: 10-10-24,,,,19.01,,,,

[2024-10-10 19:01:55] Codice utente inserito: 005
[2024-10-10 19:01:55] Utente presente nel database
[2024-10-10 19:01:55] Riga trovata nell'array: 10-10-24,,,,19.01,,,,

[2024-10-10 19:01:55] Riga con data odierna trovata: 10-10-24,,,,19.01,,,,

[2024-10-10 19:01:55] Prima colonna occupata, inserimento orario nella seconda colonna: 19.01
[2024-10-10 19:01:55] Riga del file riscritta: 10-10-24,,,,19.01,19.01,,,

[2024-10-10 19:02:09] Codice utente inserito: 005
[2024-10-10 19:02:09] Utente presente nel database
[2024-10-10 19:02:09] Riga trovata nell'array: 10-10-24,,,,19.01,19.01,,,

[2024-10-10 19:02:09] Riga con data odierna trovata: 10-10-24,,,,19.01,19.01,,,

[2024-10-10 19:02:09] Prima colonna occupata, inserimento orario nella seconda colonna: 19.02
[2024-10-10 19:02:09] Riga del file riscritta: 10-10-24,,,,19.01,19.02,,,

